<?xml version="1.0" encoding="UTF-8"?>
<testng-results ignored="2" total="3" passed="1" failed="0" skipped="0">
  <reporter-output>
  </reporter-output>
  <suite started-at="2019-12-07T07:16:27Z" name="Suite" finished-at="2019-12-07T07:18:18Z" duration-ms="111623">
    <groups>
    </groups>
    <test started-at="2019-12-07T07:16:27Z" name="Test" finished-at="2019-12-07T07:18:18Z" duration-ms="111623">
      <class name="Tests.TestBase">
        <test-method is-config="true" signature="initialize()[pri:0, instance:Tests.TestBase@8c3b9d]" started-at="2019-12-07T07:14:49Z" name="initialize" finished-at="2019-12-07T07:16:27Z" duration-ms="97633" status="PASS">
          <reporter-output>
          </reporter-output>
        </test-method> <!-- initialize -->
        <test-method is-config="true" signature="TeardownTest()[pri:0, instance:Tests.TestBase@8c3b9d]" started-at="2019-12-07T07:18:20Z" name="TeardownTest" finished-at="2019-12-07T07:18:21Z" duration-ms="1247" status="PASS">
          <reporter-output>
          </reporter-output>
        </test-method> <!-- TeardownTest -->
      </class> <!-- Tests.TestBase -->
      <class name="Tests.FbLoginTest">
        <test-method signature="init()[pri:0, instance:Tests.FbLoginTest@4c39bec8]" started-at="2019-12-07T07:16:27Z" name="init" finished-at="2019-12-07T07:18:18Z" duration-ms="111563" status="PASS">
          <reporter-output>
          </reporter-output>
        </test-method> <!-- init -->
      </class> <!-- Tests.FbLoginTest -->
    </test> <!-- Test -->
  </suite> <!-- Suite -->
</testng-results>
