<?xml version="1.0" encoding="UTF-8"?>
<!-- Generated by org.testng.reporters.JUnitXMLReporter -->
<testsuite ignored="2" hostname="DESKTOP-H2ULFNK" failures="0" tests="1" name="Test" time="111.623" errors="0" timestamp="07 Dec 2019 07:18:19 GMT">
  <testcase classname="Tests.FbLoginTest" name="init" time="111.563"/>
  <testcase classname="Tests.TestBase" name="@AfterSuite TeardownTest" time="0.0">
    <ignored/>
  </testcase> <!-- @AfterSuite TeardownTest -->
  <testcase classname="Tests.TestBase" name="@BeforeSuite initialize" time="0.0">
    <ignored/>
  </testcase> <!-- @BeforeSuite initialize -->
</testsuite> <!-- Test -->
